2024-12-30 11:23:51,464:WARNING:
'cuml' is a soft dependency and not included in the pycaret installation. Please run: `pip install cuml` to install.
2024-12-30 11:23:51,464:WARNING:
'cuml' is a soft dependency and not included in the pycaret installation. Please run: `pip install cuml` to install.
2024-12-30 11:23:51,464:WARNING:
'cuml' is a soft dependency and not included in the pycaret installation. Please run: `pip install cuml` to install.
2024-12-30 11:23:51,464:WARNING:
'cuml' is a soft dependency and not included in the pycaret installation. Please run: `pip install cuml` to install.
2024-12-30 11:26:54,280:INFO:PyCaret RegressionExperiment
2024-12-30 11:26:54,280:INFO:Logging name: reg-default-name
2024-12-30 11:26:54,280:INFO:ML Usecase: MLUsecase.REGRESSION
2024-12-30 11:26:54,281:INFO:version 3.3.2
2024-12-30 11:26:54,281:INFO:Initializing setup()
2024-12-30 11:26:54,281:INFO:self.USI: 0d28
2024-12-30 11:26:54,281:INFO:self._variable_keys: {'transform_target_param', 'pipeline', 'fold_generator', 'USI', 'X_test', 'exp_id', 'y_train', 'log_plots_param', 'data', 'target_param', 'logging_param', 'y_test', 'y', 'idx', 'html_param', 'gpu_param', 'memory', 'exp_name_log', 'fold_groups_param', 'fold_shuffle_param', 'gpu_n_jobs_param', '_ml_usecase', '_available_plots', 'seed', 'X', 'X_train', 'n_jobs_param'}
2024-12-30 11:26:54,281:INFO:Checking environment
2024-12-30 11:26:54,281:INFO:python_version: 3.10.16
2024-12-30 11:26:54,281:INFO:python_build: ('main', 'Dec  3 2024 17:27:57')
2024-12-30 11:26:54,281:INFO:machine: arm64
2024-12-30 11:26:54,313:INFO:platform: macOS-15.2-arm64-arm-64bit
2024-12-30 11:26:54,314:INFO:Memory: svmem(total=17179869184, available=3426762752, percent=80.1, used=6357139456, free=73220096, active=3366338560, inactive=3280306176, wired=2990800896)
2024-12-30 11:26:54,314:INFO:Physical Core: 8
2024-12-30 11:26:54,314:INFO:Logical Core: 8
2024-12-30 11:26:54,314:INFO:Checking libraries
2024-12-30 11:26:54,314:INFO:System:
2024-12-30 11:26:54,314:INFO:    python: 3.10.16 (main, Dec  3 2024, 17:27:57) [Clang 16.0.0 (clang-1600.0.26.4)]
2024-12-30 11:26:54,314:INFO:executable: /Users/sarthakchawathe/Desktop/Github/AutoML/.venv/bin/python
2024-12-30 11:26:54,314:INFO:   machine: macOS-15.2-arm64-arm-64bit
2024-12-30 11:26:54,314:INFO:PyCaret required dependencies:
2024-12-30 11:26:54,586:INFO:                 pip: 24.3.1
2024-12-30 11:26:54,586:INFO:          setuptools: 75.6.0
2024-12-30 11:26:54,586:INFO:             pycaret: 3.3.2
2024-12-30 11:26:54,586:INFO:             IPython: 8.31.0
2024-12-30 11:26:54,586:INFO:          ipywidgets: 8.1.5
2024-12-30 11:26:54,586:INFO:                tqdm: 4.67.1
2024-12-30 11:26:54,586:INFO:               numpy: 1.26.4
2024-12-30 11:26:54,586:INFO:              pandas: 2.1.4
2024-12-30 11:26:54,586:INFO:              jinja2: 3.1.5
2024-12-30 11:26:54,586:INFO:               scipy: 1.11.4
2024-12-30 11:26:54,586:INFO:              joblib: 1.3.2
2024-12-30 11:26:54,586:INFO:             sklearn: 1.4.2
2024-12-30 11:26:54,586:INFO:                pyod: 2.0.3
2024-12-30 11:26:54,586:INFO:            imblearn: 0.13.0
2024-12-30 11:26:54,586:INFO:   category_encoders: 2.6.4
2024-12-30 11:26:54,586:INFO:            lightgbm: 4.5.0
2024-12-30 11:26:54,586:INFO:               numba: 0.60.0
2024-12-30 11:26:54,586:INFO:            requests: 2.32.3
2024-12-30 11:26:54,586:INFO:          matplotlib: 3.7.5
2024-12-30 11:26:54,586:INFO:          scikitplot: 0.3.7
2024-12-30 11:26:54,586:INFO:         yellowbrick: 1.5
2024-12-30 11:26:54,586:INFO:              plotly: 5.24.1
2024-12-30 11:26:54,586:INFO:    plotly-resampler: Not installed
2024-12-30 11:26:54,586:INFO:             kaleido: 0.2.1
2024-12-30 11:26:54,586:INFO:           schemdraw: 0.15
2024-12-30 11:26:54,586:INFO:         statsmodels: 0.14.4
2024-12-30 11:26:54,586:INFO:              sktime: 0.26.0
2024-12-30 11:26:54,586:INFO:               tbats: 1.1.3
2024-12-30 11:26:54,586:INFO:            pmdarima: 2.0.4
2024-12-30 11:26:54,586:INFO:              psutil: 6.1.1
2024-12-30 11:26:54,586:INFO:          markupsafe: 3.0.2
2024-12-30 11:26:54,586:INFO:             pickle5: Not installed
2024-12-30 11:26:54,586:INFO:         cloudpickle: 3.1.0
2024-12-30 11:26:54,586:INFO:         deprecation: 2.1.0
2024-12-30 11:26:54,586:INFO:              xxhash: 3.5.0
2024-12-30 11:26:54,586:INFO:           wurlitzer: 3.1.1
2024-12-30 11:26:54,586:INFO:PyCaret optional dependencies:
2024-12-30 11:26:54,594:INFO:                shap: Not installed
2024-12-30 11:26:54,594:INFO:           interpret: Not installed
2024-12-30 11:26:54,594:INFO:                umap: Not installed
2024-12-30 11:26:54,594:INFO:     ydata_profiling: 4.12.1
2024-12-30 11:26:54,594:INFO:  explainerdashboard: Not installed
2024-12-30 11:26:54,594:INFO:             autoviz: Not installed
2024-12-30 11:26:54,594:INFO:           fairlearn: Not installed
2024-12-30 11:26:54,594:INFO:          deepchecks: Not installed
2024-12-30 11:26:54,594:INFO:             xgboost: Not installed
2024-12-30 11:26:54,594:INFO:            catboost: Not installed
2024-12-30 11:26:54,594:INFO:              kmodes: Not installed
2024-12-30 11:26:54,594:INFO:             mlxtend: Not installed
2024-12-30 11:26:54,594:INFO:       statsforecast: Not installed
2024-12-30 11:26:54,594:INFO:        tune_sklearn: Not installed
2024-12-30 11:26:54,594:INFO:                 ray: Not installed
2024-12-30 11:26:54,594:INFO:            hyperopt: Not installed
2024-12-30 11:26:54,594:INFO:              optuna: Not installed
2024-12-30 11:26:54,594:INFO:               skopt: Not installed
2024-12-30 11:26:54,594:INFO:              mlflow: Not installed
2024-12-30 11:26:54,594:INFO:              gradio: Not installed
2024-12-30 11:26:54,594:INFO:             fastapi: Not installed
2024-12-30 11:26:54,594:INFO:             uvicorn: Not installed
2024-12-30 11:26:54,594:INFO:              m2cgen: Not installed
2024-12-30 11:26:54,594:INFO:           evidently: Not installed
2024-12-30 11:26:54,594:INFO:               fugue: Not installed
2024-12-30 11:26:54,594:INFO:           streamlit: 1.41.1
2024-12-30 11:26:54,594:INFO:             prophet: Not installed
2024-12-30 11:26:54,594:INFO:None
2024-12-30 11:26:54,594:INFO:Set up data.
2024-12-30 11:26:54,601:INFO:Set up folding strategy.
2024-12-30 11:26:54,602:INFO:Set up train/test split.
2024-12-30 11:26:54,611:INFO:Set up index.
2024-12-30 11:26:54,615:INFO:Assigning column types.
2024-12-30 11:26:54,616:INFO:Engine successfully changes for model 'lr' to 'sklearn'.
2024-12-30 11:26:54,617:INFO:Engine for model 'lasso' has not been set explicitly, hence returning None.
2024-12-30 11:26:54,619:INFO:Engine for model 'ridge' has not been set explicitly, hence returning None.
2024-12-30 11:26:54,622:INFO:Engine for model 'en' has not been set explicitly, hence returning None.
2024-12-30 11:26:54,650:INFO:Engine for model 'svm' has not been set explicitly, hence returning None.
2024-12-30 11:26:54,669:INFO:Engine for model 'knn' has not been set explicitly, hence returning None.
2024-12-30 11:26:54,669:WARNING:
'xgboost' is a soft dependency and not included in the pycaret installation. Please run: `pip install xgboost` to install.
Alternately, you can install this by running `pip install pycaret[models]`
2024-12-30 11:26:54,669:WARNING:
'catboost' is a soft dependency and not included in the pycaret installation. Please run: `pip install catboost` to install.
Alternately, you can install this by running `pip install pycaret[models]`
2024-12-30 11:26:54,669:INFO:Engine for model 'lasso' has not been set explicitly, hence returning None.
2024-12-30 11:26:54,671:INFO:Engine for model 'ridge' has not been set explicitly, hence returning None.
2024-12-30 11:26:54,676:INFO:Engine for model 'en' has not been set explicitly, hence returning None.
2024-12-30 11:26:54,699:INFO:Engine for model 'svm' has not been set explicitly, hence returning None.
2024-12-30 11:26:54,717:INFO:Engine for model 'knn' has not been set explicitly, hence returning None.
2024-12-30 11:26:54,717:WARNING:
'xgboost' is a soft dependency and not included in the pycaret installation. Please run: `pip install xgboost` to install.
Alternately, you can install this by running `pip install pycaret[models]`
2024-12-30 11:26:54,718:WARNING:
'catboost' is a soft dependency and not included in the pycaret installation. Please run: `pip install catboost` to install.
Alternately, you can install this by running `pip install pycaret[models]`
2024-12-30 11:26:54,718:INFO:Engine successfully changes for model 'lasso' to 'sklearn'.
2024-12-30 11:26:54,720:INFO:Engine for model 'ridge' has not been set explicitly, hence returning None.
2024-12-30 11:26:54,721:INFO:Engine for model 'en' has not been set explicitly, hence returning None.
2024-12-30 11:26:54,744:INFO:Engine for model 'svm' has not been set explicitly, hence returning None.
2024-12-30 11:26:54,762:INFO:Engine for model 'knn' has not been set explicitly, hence returning None.
2024-12-30 11:26:54,762:WARNING:
'xgboost' is a soft dependency and not included in the pycaret installation. Please run: `pip install xgboost` to install.
Alternately, you can install this by running `pip install pycaret[models]`
2024-12-30 11:26:54,762:WARNING:
'catboost' is a soft dependency and not included in the pycaret installation. Please run: `pip install catboost` to install.
Alternately, you can install this by running `pip install pycaret[models]`
2024-12-30 11:26:54,764:INFO:Engine for model 'ridge' has not been set explicitly, hence returning None.
2024-12-30 11:26:54,766:INFO:Engine for model 'en' has not been set explicitly, hence returning None.
2024-12-30 11:26:54,788:INFO:Engine for model 'svm' has not been set explicitly, hence returning None.
2024-12-30 11:26:54,806:INFO:Engine for model 'knn' has not been set explicitly, hence returning None.
2024-12-30 11:26:54,806:WARNING:
'xgboost' is a soft dependency and not included in the pycaret installation. Please run: `pip install xgboost` to install.
Alternately, you can install this by running `pip install pycaret[models]`
2024-12-30 11:26:54,806:WARNING:
'catboost' is a soft dependency and not included in the pycaret installation. Please run: `pip install catboost` to install.
Alternately, you can install this by running `pip install pycaret[models]`
2024-12-30 11:26:54,806:INFO:Engine successfully changes for model 'ridge' to 'sklearn'.
2024-12-30 11:26:54,810:INFO:Engine for model 'en' has not been set explicitly, hence returning None.
2024-12-30 11:26:54,833:INFO:Engine for model 'svm' has not been set explicitly, hence returning None.
2024-12-30 11:26:54,851:INFO:Engine for model 'knn' has not been set explicitly, hence returning None.
2024-12-30 11:26:54,851:WARNING:
'xgboost' is a soft dependency and not included in the pycaret installation. Please run: `pip install xgboost` to install.
Alternately, you can install this by running `pip install pycaret[models]`
2024-12-30 11:26:54,851:WARNING:
'catboost' is a soft dependency and not included in the pycaret installation. Please run: `pip install catboost` to install.
Alternately, you can install this by running `pip install pycaret[models]`
2024-12-30 11:26:54,855:INFO:Engine for model 'en' has not been set explicitly, hence returning None.
2024-12-30 11:26:54,877:INFO:Engine for model 'svm' has not been set explicitly, hence returning None.
2024-12-30 11:26:54,896:INFO:Engine for model 'knn' has not been set explicitly, hence returning None.
2024-12-30 11:26:54,896:WARNING:
'xgboost' is a soft dependency and not included in the pycaret installation. Please run: `pip install xgboost` to install.
Alternately, you can install this by running `pip install pycaret[models]`
2024-12-30 11:26:54,896:WARNING:
'catboost' is a soft dependency and not included in the pycaret installation. Please run: `pip install catboost` to install.
Alternately, you can install this by running `pip install pycaret[models]`
2024-12-30 11:26:54,896:INFO:Engine successfully changes for model 'en' to 'sklearn'.
2024-12-30 11:26:54,925:INFO:Engine for model 'svm' has not been set explicitly, hence returning None.
2024-12-30 11:26:54,943:INFO:Engine for model 'knn' has not been set explicitly, hence returning None.
2024-12-30 11:26:54,943:WARNING:
'xgboost' is a soft dependency and not included in the pycaret installation. Please run: `pip install xgboost` to install.
Alternately, you can install this by running `pip install pycaret[models]`
2024-12-30 11:26:54,943:WARNING:
'catboost' is a soft dependency and not included in the pycaret installation. Please run: `pip install catboost` to install.
Alternately, you can install this by running `pip install pycaret[models]`
2024-12-30 11:26:54,969:INFO:Engine for model 'svm' has not been set explicitly, hence returning None.
2024-12-30 11:26:54,987:INFO:Engine for model 'knn' has not been set explicitly, hence returning None.
2024-12-30 11:26:54,987:WARNING:
'xgboost' is a soft dependency and not included in the pycaret installation. Please run: `pip install xgboost` to install.
Alternately, you can install this by running `pip install pycaret[models]`
2024-12-30 11:26:54,987:WARNING:
'catboost' is a soft dependency and not included in the pycaret installation. Please run: `pip install catboost` to install.
Alternately, you can install this by running `pip install pycaret[models]`
2024-12-30 11:26:54,987:INFO:Engine successfully changes for model 'knn' to 'sklearn'.
2024-12-30 11:26:55,013:INFO:Engine for model 'svm' has not been set explicitly, hence returning None.
2024-12-30 11:26:55,031:WARNING:
'xgboost' is a soft dependency and not included in the pycaret installation. Please run: `pip install xgboost` to install.
Alternately, you can install this by running `pip install pycaret[models]`
2024-12-30 11:26:55,031:WARNING:
'catboost' is a soft dependency and not included in the pycaret installation. Please run: `pip install catboost` to install.
Alternately, you can install this by running `pip install pycaret[models]`
2024-12-30 11:26:55,058:INFO:Engine for model 'svm' has not been set explicitly, hence returning None.
2024-12-30 11:26:55,075:WARNING:
'xgboost' is a soft dependency and not included in the pycaret installation. Please run: `pip install xgboost` to install.
Alternately, you can install this by running `pip install pycaret[models]`
2024-12-30 11:26:55,075:WARNING:
'catboost' is a soft dependency and not included in the pycaret installation. Please run: `pip install catboost` to install.
Alternately, you can install this by running `pip install pycaret[models]`
2024-12-30 11:26:55,075:INFO:Engine successfully changes for model 'svm' to 'sklearn'.
2024-12-30 11:26:55,119:WARNING:
'xgboost' is a soft dependency and not included in the pycaret installation. Please run: `pip install xgboost` to install.
Alternately, you can install this by running `pip install pycaret[models]`
2024-12-30 11:26:55,119:WARNING:
'catboost' is a soft dependency and not included in the pycaret installation. Please run: `pip install catboost` to install.
Alternately, you can install this by running `pip install pycaret[models]`
2024-12-30 11:26:55,163:WARNING:
'xgboost' is a soft dependency and not included in the pycaret installation. Please run: `pip install xgboost` to install.
Alternately, you can install this by running `pip install pycaret[models]`
2024-12-30 11:26:55,163:WARNING:
'catboost' is a soft dependency and not included in the pycaret installation. Please run: `pip install catboost` to install.
Alternately, you can install this by running `pip install pycaret[models]`
2024-12-30 11:26:55,164:INFO:Preparing preprocessing pipeline...
2024-12-30 11:26:55,164:INFO:Set up simple imputation.
2024-12-30 11:26:55,164:INFO:Set up column name cleaning.
2024-12-30 11:26:55,176:INFO:Finished creating preprocessing pipeline.
2024-12-30 11:26:55,179:INFO:Pipeline: Pipeline(memory=FastMemory(location=/var/folders/56/1vkv91l97fx9yd3vf2dyjk980000gn/T/joblib),
         steps=[('numerical_imputer',
                 TransformerWrapper(include=['No', 'X1 transaction date',
                                             'X2 house age',
                                             'X3 distance to the nearest MRT '
                                             'station',
                                             'X4 number of convenience stores',
                                             'X5 latitude', 'X6 longitude'],
                                    transformer=SimpleImputer())),
                ('categorical_imputer',
                 TransformerWrapper(include=[],
                                    transformer=SimpleImputer(strategy='most_frequent'))),
                ('clean_column_names',
                 TransformerWrapper(transformer=CleanColumnNames()))])
2024-12-30 11:26:55,179:INFO:Creating final display dataframe.
2024-12-30 11:26:55,209:INFO:Setup _display_container:                     Description                       Value
0                    Session id                        6406
1                        Target  Y house price of unit area
2                   Target type                  Regression
3           Original data shape                    (414, 8)
4        Transformed data shape                    (414, 8)
5   Transformed train set shape                    (289, 8)
6    Transformed test set shape                    (125, 8)
7              Numeric features                           7
8                    Preprocess                        True
9               Imputation type                      simple
10           Numeric imputation                        mean
11       Categorical imputation                        mode
12               Fold Generator                       KFold
13                  Fold Number                          10
14                     CPU Jobs                          -1
15                      Use GPU                       False
16               Log Experiment                       False
17              Experiment Name            reg-default-name
18                          USI                        0d28
2024-12-30 11:26:55,255:WARNING:
'xgboost' is a soft dependency and not included in the pycaret installation. Please run: `pip install xgboost` to install.
Alternately, you can install this by running `pip install pycaret[models]`
2024-12-30 11:26:55,255:WARNING:
'catboost' is a soft dependency and not included in the pycaret installation. Please run: `pip install catboost` to install.
Alternately, you can install this by running `pip install pycaret[models]`
2024-12-30 11:26:55,299:WARNING:
'xgboost' is a soft dependency and not included in the pycaret installation. Please run: `pip install xgboost` to install.
Alternately, you can install this by running `pip install pycaret[models]`
2024-12-30 11:26:55,299:WARNING:
'catboost' is a soft dependency and not included in the pycaret installation. Please run: `pip install catboost` to install.
Alternately, you can install this by running `pip install pycaret[models]`
2024-12-30 11:26:55,299:INFO:setup() successfully completed in 1.02s...............
2024-12-30 11:26:55,304:INFO:Initializing compare_models()
2024-12-30 11:26:55,305:INFO:compare_models(self=<pycaret.regression.oop.RegressionExperiment object at 0x308607100>, include=None, fold=None, round=4, cross_validation=True, sort=R2, n_select=1, budget_time=None, turbo=True, errors=ignore, fit_kwargs=None, groups=None, experiment_custom_tags=None, probability_threshold=None, verbose=True, parallel=None, caller_params={'self': <pycaret.regression.oop.RegressionExperiment object at 0x308607100>, 'include': None, 'exclude': None, 'fold': None, 'round': 4, 'cross_validation': True, 'sort': 'R2', 'n_select': 1, 'budget_time': None, 'turbo': True, 'errors': 'ignore', 'fit_kwargs': None, 'groups': None, 'experiment_custom_tags': None, 'engine': None, 'verbose': True, 'parallel': None, '__class__': <class 'pycaret.regression.oop.RegressionExperiment'>}, exclude=None)
2024-12-30 11:26:55,305:INFO:Checking exceptions
2024-12-30 11:26:55,305:INFO:Preparing display monitor
2024-12-30 11:26:55,309:INFO:Initializing Linear Regression
2024-12-30 11:26:55,309:INFO:Total runtime is 1.1165936787923178e-06 minutes
2024-12-30 11:26:55,310:INFO:SubProcess create_model() called ==================================
2024-12-30 11:26:55,310:INFO:Initializing create_model()
2024-12-30 11:26:55,310:INFO:create_model(self=<pycaret.regression.oop.RegressionExperiment object at 0x308607100>, estimator=lr, fold=KFold(n_splits=10, random_state=None, shuffle=False), round=4, cross_validation=True, predict=True, fit_kwargs={}, groups=None, refit=False, probability_threshold=None, experiment_custom_tags=None, verbose=False, system=False, add_to_model_list=True, metrics=None, display=<pycaret.internal.display.display.CommonDisplay object at 0x309091030>, model_only=True, return_train_score=False, error_score=0.0, kwargs={})
2024-12-30 11:26:55,310:INFO:Checking exceptions
2024-12-30 11:26:55,310:INFO:Importing libraries
2024-12-30 11:26:55,310:INFO:Copying training dataset
2024-12-30 11:26:55,311:INFO:Defining folds
2024-12-30 11:26:55,311:INFO:Declaring metric variables
2024-12-30 11:26:55,311:INFO:Importing untrained model
2024-12-30 11:26:55,311:INFO:Linear Regression Imported successfully
2024-12-30 11:26:55,311:INFO:Starting cross validation
2024-12-30 11:26:55,314:INFO:Cross validating with KFold(n_splits=10, random_state=None, shuffle=False), n_jobs=-1
2024-12-30 11:26:59,204:INFO:Calculating mean and std
2024-12-30 11:26:59,205:INFO:Creating metrics dataframe
2024-12-30 11:26:59,208:INFO:Uploading results into container
2024-12-30 11:26:59,209:INFO:Uploading model into container now
2024-12-30 11:26:59,209:INFO:_master_model_container: 1
2024-12-30 11:26:59,209:INFO:_display_container: 2
2024-12-30 11:26:59,210:INFO:LinearRegression(n_jobs=-1)
2024-12-30 11:26:59,210:INFO:create_model() successfully completed......................................
2024-12-30 11:26:59,325:INFO:SubProcess create_model() end ==================================
2024-12-30 11:26:59,325:INFO:Creating metrics dataframe
2024-12-30 11:26:59,326:INFO:Initializing Lasso Regression
2024-12-30 11:26:59,326:INFO:Total runtime is 0.06695041656494141 minutes
2024-12-30 11:26:59,326:INFO:SubProcess create_model() called ==================================
2024-12-30 11:26:59,327:INFO:Initializing create_model()
2024-12-30 11:26:59,327:INFO:create_model(self=<pycaret.regression.oop.RegressionExperiment object at 0x308607100>, estimator=lasso, fold=KFold(n_splits=10, random_state=None, shuffle=False), round=4, cross_validation=True, predict=True, fit_kwargs={}, groups=None, refit=False, probability_threshold=None, experiment_custom_tags=None, verbose=False, system=False, add_to_model_list=True, metrics=None, display=<pycaret.internal.display.display.CommonDisplay object at 0x309091030>, model_only=True, return_train_score=False, error_score=0.0, kwargs={})
2024-12-30 11:26:59,327:INFO:Checking exceptions
2024-12-30 11:26:59,327:INFO:Importing libraries
2024-12-30 11:26:59,327:INFO:Copying training dataset
2024-12-30 11:26:59,328:INFO:Defining folds
2024-12-30 11:26:59,328:INFO:Declaring metric variables
2024-12-30 11:26:59,328:INFO:Importing untrained model
2024-12-30 11:26:59,328:INFO:Lasso Regression Imported successfully
2024-12-30 11:26:59,329:INFO:Starting cross validation
2024-12-30 11:26:59,329:INFO:Cross validating with KFold(n_splits=10, random_state=None, shuffle=False), n_jobs=-1
2024-12-30 11:26:59,369:INFO:Calculating mean and std
2024-12-30 11:26:59,369:INFO:Creating metrics dataframe
2024-12-30 11:26:59,370:INFO:Uploading results into container
2024-12-30 11:26:59,371:INFO:Uploading model into container now
2024-12-30 11:26:59,371:INFO:_master_model_container: 2
2024-12-30 11:26:59,371:INFO:_display_container: 2
2024-12-30 11:26:59,371:INFO:Lasso(random_state=6406)
2024-12-30 11:26:59,371:INFO:create_model() successfully completed......................................
2024-12-30 11:26:59,433:INFO:SubProcess create_model() end ==================================
2024-12-30 11:26:59,434:INFO:Creating metrics dataframe
2024-12-30 11:26:59,435:INFO:Initializing Ridge Regression
2024-12-30 11:26:59,435:INFO:Total runtime is 0.06875711679458618 minutes
2024-12-30 11:26:59,435:INFO:SubProcess create_model() called ==================================
2024-12-30 11:26:59,435:INFO:Initializing create_model()
2024-12-30 11:26:59,435:INFO:create_model(self=<pycaret.regression.oop.RegressionExperiment object at 0x308607100>, estimator=ridge, fold=KFold(n_splits=10, random_state=None, shuffle=False), round=4, cross_validation=True, predict=True, fit_kwargs={}, groups=None, refit=False, probability_threshold=None, experiment_custom_tags=None, verbose=False, system=False, add_to_model_list=True, metrics=None, display=<pycaret.internal.display.display.CommonDisplay object at 0x309091030>, model_only=True, return_train_score=False, error_score=0.0, kwargs={})
2024-12-30 11:26:59,435:INFO:Checking exceptions
2024-12-30 11:26:59,435:INFO:Importing libraries
2024-12-30 11:26:59,435:INFO:Copying training dataset
2024-12-30 11:26:59,436:INFO:Defining folds
2024-12-30 11:26:59,436:INFO:Declaring metric variables
2024-12-30 11:26:59,436:INFO:Importing untrained model
2024-12-30 11:26:59,437:INFO:Ridge Regression Imported successfully
2024-12-30 11:26:59,437:INFO:Starting cross validation
2024-12-30 11:26:59,437:INFO:Cross validating with KFold(n_splits=10, random_state=None, shuffle=False), n_jobs=-1
2024-12-30 11:26:59,477:INFO:Calculating mean and std
2024-12-30 11:26:59,477:INFO:Creating metrics dataframe
2024-12-30 11:26:59,478:INFO:Uploading results into container
2024-12-30 11:26:59,478:INFO:Uploading model into container now
2024-12-30 11:26:59,478:INFO:_master_model_container: 3
2024-12-30 11:26:59,478:INFO:_display_container: 2
2024-12-30 11:26:59,479:INFO:Ridge(random_state=6406)
2024-12-30 11:26:59,479:INFO:create_model() successfully completed......................................
2024-12-30 11:26:59,541:INFO:SubProcess create_model() end ==================================
2024-12-30 11:26:59,541:INFO:Creating metrics dataframe
2024-12-30 11:26:59,543:INFO:Initializing Elastic Net
2024-12-30 11:26:59,543:INFO:Total runtime is 0.07055795192718506 minutes
2024-12-30 11:26:59,543:INFO:SubProcess create_model() called ==================================
2024-12-30 11:26:59,543:INFO:Initializing create_model()
2024-12-30 11:26:59,543:INFO:create_model(self=<pycaret.regression.oop.RegressionExperiment object at 0x308607100>, estimator=en, fold=KFold(n_splits=10, random_state=None, shuffle=False), round=4, cross_validation=True, predict=True, fit_kwargs={}, groups=None, refit=False, probability_threshold=None, experiment_custom_tags=None, verbose=False, system=False, add_to_model_list=True, metrics=None, display=<pycaret.internal.display.display.CommonDisplay object at 0x309091030>, model_only=True, return_train_score=False, error_score=0.0, kwargs={})
2024-12-30 11:26:59,543:INFO:Checking exceptions
2024-12-30 11:26:59,543:INFO:Importing libraries
2024-12-30 11:26:59,543:INFO:Copying training dataset
2024-12-30 11:26:59,545:INFO:Defining folds
2024-12-30 11:26:59,545:INFO:Declaring metric variables
2024-12-30 11:26:59,545:INFO:Importing untrained model
2024-12-30 11:26:59,545:INFO:Elastic Net Imported successfully
2024-12-30 11:26:59,545:INFO:Starting cross validation
2024-12-30 11:26:59,545:INFO:Cross validating with KFold(n_splits=10, random_state=None, shuffle=False), n_jobs=-1
2024-12-30 11:26:59,576:INFO:Calculating mean and std
2024-12-30 11:26:59,577:INFO:Creating metrics dataframe
2024-12-30 11:26:59,577:INFO:Uploading results into container
2024-12-30 11:26:59,578:INFO:Uploading model into container now
2024-12-30 11:26:59,578:INFO:_master_model_container: 4
2024-12-30 11:26:59,578:INFO:_display_container: 2
2024-12-30 11:26:59,578:INFO:ElasticNet(random_state=6406)
2024-12-30 11:26:59,578:INFO:create_model() successfully completed......................................
2024-12-30 11:26:59,640:INFO:SubProcess create_model() end ==================================
2024-12-30 11:26:59,640:INFO:Creating metrics dataframe
2024-12-30 11:26:59,642:INFO:Initializing Least Angle Regression
2024-12-30 11:26:59,642:INFO:Total runtime is 0.07220443487167358 minutes
2024-12-30 11:26:59,642:INFO:SubProcess create_model() called ==================================
2024-12-30 11:26:59,642:INFO:Initializing create_model()
2024-12-30 11:26:59,642:INFO:create_model(self=<pycaret.regression.oop.RegressionExperiment object at 0x308607100>, estimator=lar, fold=KFold(n_splits=10, random_state=None, shuffle=False), round=4, cross_validation=True, predict=True, fit_kwargs={}, groups=None, refit=False, probability_threshold=None, experiment_custom_tags=None, verbose=False, system=False, add_to_model_list=True, metrics=None, display=<pycaret.internal.display.display.CommonDisplay object at 0x309091030>, model_only=True, return_train_score=False, error_score=0.0, kwargs={})
2024-12-30 11:26:59,642:INFO:Checking exceptions
2024-12-30 11:26:59,642:INFO:Importing libraries
2024-12-30 11:26:59,642:INFO:Copying training dataset
2024-12-30 11:26:59,643:INFO:Defining folds
2024-12-30 11:26:59,643:INFO:Declaring metric variables
2024-12-30 11:26:59,643:INFO:Importing untrained model
2024-12-30 11:26:59,643:INFO:Least Angle Regression Imported successfully
2024-12-30 11:26:59,643:INFO:Starting cross validation
2024-12-30 11:26:59,644:INFO:Cross validating with KFold(n_splits=10, random_state=None, shuffle=False), n_jobs=-1
2024-12-30 11:26:59,677:INFO:Calculating mean and std
2024-12-30 11:26:59,677:INFO:Creating metrics dataframe
2024-12-30 11:26:59,678:INFO:Uploading results into container
2024-12-30 11:26:59,678:INFO:Uploading model into container now
2024-12-30 11:26:59,678:INFO:_master_model_container: 5
2024-12-30 11:26:59,678:INFO:_display_container: 2
2024-12-30 11:26:59,679:INFO:Lars(random_state=6406)
2024-12-30 11:26:59,679:INFO:create_model() successfully completed......................................
2024-12-30 11:26:59,738:INFO:SubProcess create_model() end ==================================
2024-12-30 11:26:59,738:INFO:Creating metrics dataframe
2024-12-30 11:26:59,740:INFO:Initializing Lasso Least Angle Regression
2024-12-30 11:26:59,740:INFO:Total runtime is 0.07383893330891926 minutes
2024-12-30 11:26:59,740:INFO:SubProcess create_model() called ==================================
2024-12-30 11:26:59,740:INFO:Initializing create_model()
2024-12-30 11:26:59,740:INFO:create_model(self=<pycaret.regression.oop.RegressionExperiment object at 0x308607100>, estimator=llar, fold=KFold(n_splits=10, random_state=None, shuffle=False), round=4, cross_validation=True, predict=True, fit_kwargs={}, groups=None, refit=False, probability_threshold=None, experiment_custom_tags=None, verbose=False, system=False, add_to_model_list=True, metrics=None, display=<pycaret.internal.display.display.CommonDisplay object at 0x309091030>, model_only=True, return_train_score=False, error_score=0.0, kwargs={})
2024-12-30 11:26:59,740:INFO:Checking exceptions
2024-12-30 11:26:59,740:INFO:Importing libraries
2024-12-30 11:26:59,740:INFO:Copying training dataset
2024-12-30 11:26:59,741:INFO:Defining folds
2024-12-30 11:26:59,741:INFO:Declaring metric variables
2024-12-30 11:26:59,741:INFO:Importing untrained model
2024-12-30 11:26:59,741:INFO:Lasso Least Angle Regression Imported successfully
2024-12-30 11:26:59,741:INFO:Starting cross validation
2024-12-30 11:26:59,742:INFO:Cross validating with KFold(n_splits=10, random_state=None, shuffle=False), n_jobs=-1
2024-12-30 11:26:59,780:INFO:Calculating mean and std
2024-12-30 11:26:59,781:INFO:Creating metrics dataframe
2024-12-30 11:26:59,782:INFO:Uploading results into container
2024-12-30 11:26:59,782:INFO:Uploading model into container now
2024-12-30 11:26:59,782:INFO:_master_model_container: 6
2024-12-30 11:26:59,782:INFO:_display_container: 2
2024-12-30 11:26:59,782:INFO:LassoLars(random_state=6406)
2024-12-30 11:26:59,782:INFO:create_model() successfully completed......................................
2024-12-30 11:26:59,842:INFO:SubProcess create_model() end ==================================
2024-12-30 11:26:59,842:INFO:Creating metrics dataframe
2024-12-30 11:26:59,843:INFO:Initializing Orthogonal Matching Pursuit
2024-12-30 11:26:59,843:INFO:Total runtime is 0.07555925051371255 minutes
2024-12-30 11:26:59,843:INFO:SubProcess create_model() called ==================================
2024-12-30 11:26:59,843:INFO:Initializing create_model()
2024-12-30 11:26:59,843:INFO:create_model(self=<pycaret.regression.oop.RegressionExperiment object at 0x308607100>, estimator=omp, fold=KFold(n_splits=10, random_state=None, shuffle=False), round=4, cross_validation=True, predict=True, fit_kwargs={}, groups=None, refit=False, probability_threshold=None, experiment_custom_tags=None, verbose=False, system=False, add_to_model_list=True, metrics=None, display=<pycaret.internal.display.display.CommonDisplay object at 0x309091030>, model_only=True, return_train_score=False, error_score=0.0, kwargs={})
2024-12-30 11:26:59,843:INFO:Checking exceptions
2024-12-30 11:26:59,843:INFO:Importing libraries
2024-12-30 11:26:59,843:INFO:Copying training dataset
2024-12-30 11:26:59,844:INFO:Defining folds
2024-12-30 11:26:59,844:INFO:Declaring metric variables
2024-12-30 11:26:59,844:INFO:Importing untrained model
2024-12-30 11:26:59,844:INFO:Orthogonal Matching Pursuit Imported successfully
2024-12-30 11:26:59,845:INFO:Starting cross validation
2024-12-30 11:26:59,845:INFO:Cross validating with KFold(n_splits=10, random_state=None, shuffle=False), n_jobs=-1
2024-12-30 11:26:59,874:INFO:Calculating mean and std
2024-12-30 11:26:59,874:INFO:Creating metrics dataframe
2024-12-30 11:26:59,874:INFO:Uploading results into container
2024-12-30 11:26:59,875:INFO:Uploading model into container now
2024-12-30 11:26:59,875:INFO:_master_model_container: 7
2024-12-30 11:26:59,875:INFO:_display_container: 2
2024-12-30 11:26:59,875:INFO:OrthogonalMatchingPursuit()
2024-12-30 11:26:59,875:INFO:create_model() successfully completed......................................
2024-12-30 11:26:59,934:INFO:SubProcess create_model() end ==================================
2024-12-30 11:26:59,934:INFO:Creating metrics dataframe
2024-12-30 11:26:59,935:INFO:Initializing Bayesian Ridge
2024-12-30 11:26:59,935:INFO:Total runtime is 0.0770909825960795 minutes
2024-12-30 11:26:59,935:INFO:SubProcess create_model() called ==================================
2024-12-30 11:26:59,935:INFO:Initializing create_model()
2024-12-30 11:26:59,935:INFO:create_model(self=<pycaret.regression.oop.RegressionExperiment object at 0x308607100>, estimator=br, fold=KFold(n_splits=10, random_state=None, shuffle=False), round=4, cross_validation=True, predict=True, fit_kwargs={}, groups=None, refit=False, probability_threshold=None, experiment_custom_tags=None, verbose=False, system=False, add_to_model_list=True, metrics=None, display=<pycaret.internal.display.display.CommonDisplay object at 0x309091030>, model_only=True, return_train_score=False, error_score=0.0, kwargs={})
2024-12-30 11:26:59,935:INFO:Checking exceptions
2024-12-30 11:26:59,935:INFO:Importing libraries
2024-12-30 11:26:59,935:INFO:Copying training dataset
2024-12-30 11:26:59,936:INFO:Defining folds
2024-12-30 11:26:59,936:INFO:Declaring metric variables
2024-12-30 11:26:59,936:INFO:Importing untrained model
2024-12-30 11:26:59,936:INFO:Bayesian Ridge Imported successfully
2024-12-30 11:26:59,937:INFO:Starting cross validation
2024-12-30 11:26:59,937:INFO:Cross validating with KFold(n_splits=10, random_state=None, shuffle=False), n_jobs=-1
2024-12-30 11:26:59,979:INFO:Calculating mean and std
2024-12-30 11:26:59,980:INFO:Creating metrics dataframe
2024-12-30 11:26:59,981:INFO:Uploading results into container
2024-12-30 11:26:59,981:INFO:Uploading model into container now
2024-12-30 11:26:59,981:INFO:_master_model_container: 8
2024-12-30 11:26:59,981:INFO:_display_container: 2
2024-12-30 11:26:59,981:INFO:BayesianRidge()
2024-12-30 11:26:59,981:INFO:create_model() successfully completed......................................
2024-12-30 11:27:00,050:INFO:SubProcess create_model() end ==================================
2024-12-30 11:27:00,050:INFO:Creating metrics dataframe
2024-12-30 11:27:00,052:INFO:Initializing Passive Aggressive Regressor
2024-12-30 11:27:00,052:INFO:Total runtime is 0.07904103199640908 minutes
2024-12-30 11:27:00,052:INFO:SubProcess create_model() called ==================================
2024-12-30 11:27:00,052:INFO:Initializing create_model()
2024-12-30 11:27:00,052:INFO:create_model(self=<pycaret.regression.oop.RegressionExperiment object at 0x308607100>, estimator=par, fold=KFold(n_splits=10, random_state=None, shuffle=False), round=4, cross_validation=True, predict=True, fit_kwargs={}, groups=None, refit=False, probability_threshold=None, experiment_custom_tags=None, verbose=False, system=False, add_to_model_list=True, metrics=None, display=<pycaret.internal.display.display.CommonDisplay object at 0x309091030>, model_only=True, return_train_score=False, error_score=0.0, kwargs={})
2024-12-30 11:27:00,052:INFO:Checking exceptions
2024-12-30 11:27:00,052:INFO:Importing libraries
2024-12-30 11:27:00,052:INFO:Copying training dataset
2024-12-30 11:27:00,054:INFO:Defining folds
2024-12-30 11:27:00,054:INFO:Declaring metric variables
2024-12-30 11:27:00,054:INFO:Importing untrained model
2024-12-30 11:27:00,054:INFO:Passive Aggressive Regressor Imported successfully
2024-12-30 11:27:00,054:INFO:Starting cross validation
2024-12-30 11:27:00,055:INFO:Cross validating with KFold(n_splits=10, random_state=None, shuffle=False), n_jobs=-1
2024-12-30 11:27:00,097:INFO:Calculating mean and std
2024-12-30 11:27:00,097:INFO:Creating metrics dataframe
2024-12-30 11:27:00,098:INFO:Uploading results into container
2024-12-30 11:27:00,098:INFO:Uploading model into container now
2024-12-30 11:27:00,098:INFO:_master_model_container: 9
2024-12-30 11:27:00,098:INFO:_display_container: 2
2024-12-30 11:27:00,099:INFO:PassiveAggressiveRegressor(random_state=6406)
2024-12-30 11:27:00,099:INFO:create_model() successfully completed......................................
2024-12-30 11:27:00,161:INFO:SubProcess create_model() end ==================================
2024-12-30 11:27:00,161:INFO:Creating metrics dataframe
2024-12-30 11:27:00,163:INFO:Initializing Huber Regressor
2024-12-30 11:27:00,163:INFO:Total runtime is 0.08088851769765217 minutes
2024-12-30 11:27:00,163:INFO:SubProcess create_model() called ==================================
2024-12-30 11:27:00,163:INFO:Initializing create_model()
2024-12-30 11:27:00,163:INFO:create_model(self=<pycaret.regression.oop.RegressionExperiment object at 0x308607100>, estimator=huber, fold=KFold(n_splits=10, random_state=None, shuffle=False), round=4, cross_validation=True, predict=True, fit_kwargs={}, groups=None, refit=False, probability_threshold=None, experiment_custom_tags=None, verbose=False, system=False, add_to_model_list=True, metrics=None, display=<pycaret.internal.display.display.CommonDisplay object at 0x309091030>, model_only=True, return_train_score=False, error_score=0.0, kwargs={})
2024-12-30 11:27:00,163:INFO:Checking exceptions
2024-12-30 11:27:00,163:INFO:Importing libraries
2024-12-30 11:27:00,163:INFO:Copying training dataset
2024-12-30 11:27:00,164:INFO:Defining folds
2024-12-30 11:27:00,164:INFO:Declaring metric variables
2024-12-30 11:27:00,164:INFO:Importing untrained model
2024-12-30 11:27:00,164:INFO:Huber Regressor Imported successfully
2024-12-30 11:27:00,165:INFO:Starting cross validation
2024-12-30 11:27:00,165:INFO:Cross validating with KFold(n_splits=10, random_state=None, shuffle=False), n_jobs=-1
2024-12-30 11:27:00,206:INFO:Calculating mean and std
2024-12-30 11:27:00,206:INFO:Creating metrics dataframe
2024-12-30 11:27:00,207:INFO:Uploading results into container
2024-12-30 11:27:00,207:INFO:Uploading model into container now
2024-12-30 11:27:00,207:INFO:_master_model_container: 10
2024-12-30 11:27:00,207:INFO:_display_container: 2
2024-12-30 11:27:00,207:INFO:HuberRegressor()
2024-12-30 11:27:00,207:INFO:create_model() successfully completed......................................
2024-12-30 11:27:00,269:INFO:SubProcess create_model() end ==================================
2024-12-30 11:27:00,269:INFO:Creating metrics dataframe
2024-12-30 11:27:00,270:INFO:Initializing K Neighbors Regressor
2024-12-30 11:27:00,270:INFO:Total runtime is 0.08268506924311318 minutes
2024-12-30 11:27:00,271:INFO:SubProcess create_model() called ==================================
2024-12-30 11:27:00,271:INFO:Initializing create_model()
2024-12-30 11:27:00,271:INFO:create_model(self=<pycaret.regression.oop.RegressionExperiment object at 0x308607100>, estimator=knn, fold=KFold(n_splits=10, random_state=None, shuffle=False), round=4, cross_validation=True, predict=True, fit_kwargs={}, groups=None, refit=False, probability_threshold=None, experiment_custom_tags=None, verbose=False, system=False, add_to_model_list=True, metrics=None, display=<pycaret.internal.display.display.CommonDisplay object at 0x309091030>, model_only=True, return_train_score=False, error_score=0.0, kwargs={})
2024-12-30 11:27:00,271:INFO:Checking exceptions
2024-12-30 11:27:00,271:INFO:Importing libraries
2024-12-30 11:27:00,271:INFO:Copying training dataset
2024-12-30 11:27:00,272:INFO:Defining folds
2024-12-30 11:27:00,272:INFO:Declaring metric variables
2024-12-30 11:27:00,272:INFO:Importing untrained model
2024-12-30 11:27:00,272:INFO:K Neighbors Regressor Imported successfully
2024-12-30 11:27:00,272:INFO:Starting cross validation
2024-12-30 11:27:00,273:INFO:Cross validating with KFold(n_splits=10, random_state=None, shuffle=False), n_jobs=-1
2024-12-30 11:27:00,334:INFO:Calculating mean and std
2024-12-30 11:27:00,334:INFO:Creating metrics dataframe
2024-12-30 11:27:00,335:INFO:Uploading results into container
2024-12-30 11:27:00,335:INFO:Uploading model into container now
2024-12-30 11:27:00,336:INFO:_master_model_container: 11
2024-12-30 11:27:00,336:INFO:_display_container: 2
2024-12-30 11:27:00,336:INFO:KNeighborsRegressor(n_jobs=-1)
2024-12-30 11:27:00,336:INFO:create_model() successfully completed......................................
2024-12-30 11:27:00,398:INFO:SubProcess create_model() end ==================================
2024-12-30 11:27:00,398:INFO:Creating metrics dataframe
2024-12-30 11:27:00,399:INFO:Initializing Decision Tree Regressor
2024-12-30 11:27:00,399:INFO:Total runtime is 0.08482723633448282 minutes
2024-12-30 11:27:00,399:INFO:SubProcess create_model() called ==================================
2024-12-30 11:27:00,399:INFO:Initializing create_model()
2024-12-30 11:27:00,399:INFO:create_model(self=<pycaret.regression.oop.RegressionExperiment object at 0x308607100>, estimator=dt, fold=KFold(n_splits=10, random_state=None, shuffle=False), round=4, cross_validation=True, predict=True, fit_kwargs={}, groups=None, refit=False, probability_threshold=None, experiment_custom_tags=None, verbose=False, system=False, add_to_model_list=True, metrics=None, display=<pycaret.internal.display.display.CommonDisplay object at 0x309091030>, model_only=True, return_train_score=False, error_score=0.0, kwargs={})
2024-12-30 11:27:00,399:INFO:Checking exceptions
2024-12-30 11:27:00,399:INFO:Importing libraries
2024-12-30 11:27:00,399:INFO:Copying training dataset
2024-12-30 11:27:00,401:INFO:Defining folds
2024-12-30 11:27:00,401:INFO:Declaring metric variables
2024-12-30 11:27:00,401:INFO:Importing untrained model
2024-12-30 11:27:00,401:INFO:Decision Tree Regressor Imported successfully
2024-12-30 11:27:00,401:INFO:Starting cross validation
2024-12-30 11:27:00,401:INFO:Cross validating with KFold(n_splits=10, random_state=None, shuffle=False), n_jobs=-1
2024-12-30 11:27:00,433:INFO:Calculating mean and std
2024-12-30 11:27:00,433:INFO:Creating metrics dataframe
2024-12-30 11:27:00,434:INFO:Uploading results into container
2024-12-30 11:27:00,434:INFO:Uploading model into container now
2024-12-30 11:27:00,434:INFO:_master_model_container: 12
2024-12-30 11:27:00,434:INFO:_display_container: 2
2024-12-30 11:27:00,434:INFO:DecisionTreeRegressor(random_state=6406)
2024-12-30 11:27:00,434:INFO:create_model() successfully completed......................................
2024-12-30 11:27:00,498:INFO:SubProcess create_model() end ==================================
2024-12-30 11:27:00,498:INFO:Creating metrics dataframe
2024-12-30 11:27:00,500:INFO:Initializing Random Forest Regressor
2024-12-30 11:27:00,500:INFO:Total runtime is 0.08650763432184853 minutes
2024-12-30 11:27:00,500:INFO:SubProcess create_model() called ==================================
2024-12-30 11:27:00,501:INFO:Initializing create_model()
2024-12-30 11:27:00,501:INFO:create_model(self=<pycaret.regression.oop.RegressionExperiment object at 0x308607100>, estimator=rf, fold=KFold(n_splits=10, random_state=None, shuffle=False), round=4, cross_validation=True, predict=True, fit_kwargs={}, groups=None, refit=False, probability_threshold=None, experiment_custom_tags=None, verbose=False, system=False, add_to_model_list=True, metrics=None, display=<pycaret.internal.display.display.CommonDisplay object at 0x309091030>, model_only=True, return_train_score=False, error_score=0.0, kwargs={})
2024-12-30 11:27:00,501:INFO:Checking exceptions
2024-12-30 11:27:00,501:INFO:Importing libraries
2024-12-30 11:27:00,501:INFO:Copying training dataset
2024-12-30 11:27:00,502:INFO:Defining folds
2024-12-30 11:27:00,502:INFO:Declaring metric variables
2024-12-30 11:27:00,502:INFO:Importing untrained model
2024-12-30 11:27:00,502:INFO:Random Forest Regressor Imported successfully
2024-12-30 11:27:00,502:INFO:Starting cross validation
2024-12-30 11:27:00,503:INFO:Cross validating with KFold(n_splits=10, random_state=None, shuffle=False), n_jobs=-1
2024-12-30 11:27:00,821:INFO:Calculating mean and std
2024-12-30 11:27:00,821:INFO:Creating metrics dataframe
2024-12-30 11:27:00,822:INFO:Uploading results into container
2024-12-30 11:27:00,822:INFO:Uploading model into container now
2024-12-30 11:27:00,822:INFO:_master_model_container: 13
2024-12-30 11:27:00,822:INFO:_display_container: 2
2024-12-30 11:27:00,822:INFO:RandomForestRegressor(n_jobs=-1, random_state=6406)
2024-12-30 11:27:00,822:INFO:create_model() successfully completed......................................
2024-12-30 11:27:00,884:INFO:SubProcess create_model() end ==================================
2024-12-30 11:27:00,884:INFO:Creating metrics dataframe
2024-12-30 11:27:00,885:INFO:Initializing Extra Trees Regressor
2024-12-30 11:27:00,885:INFO:Total runtime is 0.0929298679033915 minutes
2024-12-30 11:27:00,885:INFO:SubProcess create_model() called ==================================
2024-12-30 11:27:00,885:INFO:Initializing create_model()
2024-12-30 11:27:00,885:INFO:create_model(self=<pycaret.regression.oop.RegressionExperiment object at 0x308607100>, estimator=et, fold=KFold(n_splits=10, random_state=None, shuffle=False), round=4, cross_validation=True, predict=True, fit_kwargs={}, groups=None, refit=False, probability_threshold=None, experiment_custom_tags=None, verbose=False, system=False, add_to_model_list=True, metrics=None, display=<pycaret.internal.display.display.CommonDisplay object at 0x309091030>, model_only=True, return_train_score=False, error_score=0.0, kwargs={})
2024-12-30 11:27:00,885:INFO:Checking exceptions
2024-12-30 11:27:00,885:INFO:Importing libraries
2024-12-30 11:27:00,885:INFO:Copying training dataset
2024-12-30 11:27:00,887:INFO:Defining folds
2024-12-30 11:27:00,887:INFO:Declaring metric variables
2024-12-30 11:27:00,887:INFO:Importing untrained model
2024-12-30 11:27:00,887:INFO:Extra Trees Regressor Imported successfully
2024-12-30 11:27:00,887:INFO:Starting cross validation
2024-12-30 11:27:00,887:INFO:Cross validating with KFold(n_splits=10, random_state=None, shuffle=False), n_jobs=-1
2024-12-30 11:27:01,092:INFO:Calculating mean and std
2024-12-30 11:27:01,092:INFO:Creating metrics dataframe
2024-12-30 11:27:01,093:INFO:Uploading results into container
2024-12-30 11:27:01,093:INFO:Uploading model into container now
2024-12-30 11:27:01,093:INFO:_master_model_container: 14
2024-12-30 11:27:01,093:INFO:_display_container: 2
2024-12-30 11:27:01,094:INFO:ExtraTreesRegressor(n_jobs=-1, random_state=6406)
2024-12-30 11:27:01,094:INFO:create_model() successfully completed......................................
2024-12-30 11:27:01,157:INFO:SubProcess create_model() end ==================================
2024-12-30 11:27:01,157:INFO:Creating metrics dataframe
2024-12-30 11:27:01,158:INFO:Initializing AdaBoost Regressor
2024-12-30 11:27:01,158:INFO:Total runtime is 0.09748084942499795 minutes
2024-12-30 11:27:01,158:INFO:SubProcess create_model() called ==================================
2024-12-30 11:27:01,158:INFO:Initializing create_model()
2024-12-30 11:27:01,158:INFO:create_model(self=<pycaret.regression.oop.RegressionExperiment object at 0x308607100>, estimator=ada, fold=KFold(n_splits=10, random_state=None, shuffle=False), round=4, cross_validation=True, predict=True, fit_kwargs={}, groups=None, refit=False, probability_threshold=None, experiment_custom_tags=None, verbose=False, system=False, add_to_model_list=True, metrics=None, display=<pycaret.internal.display.display.CommonDisplay object at 0x309091030>, model_only=True, return_train_score=False, error_score=0.0, kwargs={})
2024-12-30 11:27:01,158:INFO:Checking exceptions
2024-12-30 11:27:01,158:INFO:Importing libraries
2024-12-30 11:27:01,158:INFO:Copying training dataset
2024-12-30 11:27:01,160:INFO:Defining folds
2024-12-30 11:27:01,160:INFO:Declaring metric variables
2024-12-30 11:27:01,160:INFO:Importing untrained model
2024-12-30 11:27:01,160:INFO:AdaBoost Regressor Imported successfully
2024-12-30 11:27:01,160:INFO:Starting cross validation
2024-12-30 11:27:01,160:INFO:Cross validating with KFold(n_splits=10, random_state=None, shuffle=False), n_jobs=-1
2024-12-30 11:27:01,267:INFO:Calculating mean and std
2024-12-30 11:27:01,268:INFO:Creating metrics dataframe
2024-12-30 11:27:01,268:INFO:Uploading results into container
2024-12-30 11:27:01,269:INFO:Uploading model into container now
2024-12-30 11:27:01,269:INFO:_master_model_container: 15
2024-12-30 11:27:01,269:INFO:_display_container: 2
2024-12-30 11:27:01,269:INFO:AdaBoostRegressor(random_state=6406)
2024-12-30 11:27:01,269:INFO:create_model() successfully completed......................................
2024-12-30 11:27:01,329:INFO:SubProcess create_model() end ==================================
2024-12-30 11:27:01,329:INFO:Creating metrics dataframe
2024-12-30 11:27:01,330:INFO:Initializing Gradient Boosting Regressor
2024-12-30 11:27:01,330:INFO:Total runtime is 0.10034328301747639 minutes
2024-12-30 11:27:01,330:INFO:SubProcess create_model() called ==================================
2024-12-30 11:27:01,330:INFO:Initializing create_model()
2024-12-30 11:27:01,330:INFO:create_model(self=<pycaret.regression.oop.RegressionExperiment object at 0x308607100>, estimator=gbr, fold=KFold(n_splits=10, random_state=None, shuffle=False), round=4, cross_validation=True, predict=True, fit_kwargs={}, groups=None, refit=False, probability_threshold=None, experiment_custom_tags=None, verbose=False, system=False, add_to_model_list=True, metrics=None, display=<pycaret.internal.display.display.CommonDisplay object at 0x309091030>, model_only=True, return_train_score=False, error_score=0.0, kwargs={})
2024-12-30 11:27:01,330:INFO:Checking exceptions
2024-12-30 11:27:01,330:INFO:Importing libraries
2024-12-30 11:27:01,330:INFO:Copying training dataset
2024-12-30 11:27:01,331:INFO:Defining folds
2024-12-30 11:27:01,331:INFO:Declaring metric variables
2024-12-30 11:27:01,331:INFO:Importing untrained model
2024-12-30 11:27:01,332:INFO:Gradient Boosting Regressor Imported successfully
2024-12-30 11:27:01,332:INFO:Starting cross validation
2024-12-30 11:27:01,332:INFO:Cross validating with KFold(n_splits=10, random_state=None, shuffle=False), n_jobs=-1
2024-12-30 11:27:01,464:INFO:Calculating mean and std
2024-12-30 11:27:01,464:INFO:Creating metrics dataframe
2024-12-30 11:27:01,465:INFO:Uploading results into container
2024-12-30 11:27:01,465:INFO:Uploading model into container now
2024-12-30 11:27:01,465:INFO:_master_model_container: 16
2024-12-30 11:27:01,465:INFO:_display_container: 2
2024-12-30 11:27:01,465:INFO:GradientBoostingRegressor(random_state=6406)
2024-12-30 11:27:01,465:INFO:create_model() successfully completed......................................
2024-12-30 11:27:01,526:INFO:SubProcess create_model() end ==================================
2024-12-30 11:27:01,526:INFO:Creating metrics dataframe
2024-12-30 11:27:01,527:INFO:Initializing Light Gradient Boosting Machine
2024-12-30 11:27:01,527:INFO:Total runtime is 0.10362796783447265 minutes
2024-12-30 11:27:01,527:INFO:SubProcess create_model() called ==================================
2024-12-30 11:27:01,527:INFO:Initializing create_model()
2024-12-30 11:27:01,527:INFO:create_model(self=<pycaret.regression.oop.RegressionExperiment object at 0x308607100>, estimator=lightgbm, fold=KFold(n_splits=10, random_state=None, shuffle=False), round=4, cross_validation=True, predict=True, fit_kwargs={}, groups=None, refit=False, probability_threshold=None, experiment_custom_tags=None, verbose=False, system=False, add_to_model_list=True, metrics=None, display=<pycaret.internal.display.display.CommonDisplay object at 0x309091030>, model_only=True, return_train_score=False, error_score=0.0, kwargs={})
2024-12-30 11:27:01,527:INFO:Checking exceptions
2024-12-30 11:27:01,527:INFO:Importing libraries
2024-12-30 11:27:01,527:INFO:Copying training dataset
2024-12-30 11:27:01,529:INFO:Defining folds
2024-12-30 11:27:01,529:INFO:Declaring metric variables
2024-12-30 11:27:01,529:INFO:Importing untrained model
2024-12-30 11:27:01,529:INFO:Light Gradient Boosting Machine Imported successfully
2024-12-30 11:27:01,529:INFO:Starting cross validation
2024-12-30 11:27:01,529:INFO:Cross validating with KFold(n_splits=10, random_state=None, shuffle=False), n_jobs=-1
2024-12-30 11:27:02,634:INFO:Calculating mean and std
2024-12-30 11:27:02,635:INFO:Creating metrics dataframe
2024-12-30 11:27:02,636:INFO:Uploading results into container
2024-12-30 11:27:02,636:INFO:Uploading model into container now
2024-12-30 11:27:02,636:INFO:_master_model_container: 17
2024-12-30 11:27:02,636:INFO:_display_container: 2
2024-12-30 11:27:02,636:INFO:LGBMRegressor(n_jobs=-1, random_state=6406)
2024-12-30 11:27:02,636:INFO:create_model() successfully completed......................................
2024-12-30 11:27:02,701:INFO:SubProcess create_model() end ==================================
2024-12-30 11:27:02,701:INFO:Creating metrics dataframe
2024-12-30 11:27:02,703:INFO:Initializing Dummy Regressor
2024-12-30 11:27:02,703:INFO:Total runtime is 0.12322008212407429 minutes
2024-12-30 11:27:02,703:INFO:SubProcess create_model() called ==================================
2024-12-30 11:27:02,703:INFO:Initializing create_model()
2024-12-30 11:27:02,703:INFO:create_model(self=<pycaret.regression.oop.RegressionExperiment object at 0x308607100>, estimator=dummy, fold=KFold(n_splits=10, random_state=None, shuffle=False), round=4, cross_validation=True, predict=True, fit_kwargs={}, groups=None, refit=False, probability_threshold=None, experiment_custom_tags=None, verbose=False, system=False, add_to_model_list=True, metrics=None, display=<pycaret.internal.display.display.CommonDisplay object at 0x309091030>, model_only=True, return_train_score=False, error_score=0.0, kwargs={})
2024-12-30 11:27:02,703:INFO:Checking exceptions
2024-12-30 11:27:02,703:INFO:Importing libraries
2024-12-30 11:27:02,703:INFO:Copying training dataset
2024-12-30 11:27:02,704:INFO:Defining folds
2024-12-30 11:27:02,704:INFO:Declaring metric variables
2024-12-30 11:27:02,704:INFO:Importing untrained model
2024-12-30 11:27:02,704:INFO:Dummy Regressor Imported successfully
2024-12-30 11:27:02,704:INFO:Starting cross validation
2024-12-30 11:27:02,705:INFO:Cross validating with KFold(n_splits=10, random_state=None, shuffle=False), n_jobs=-1
2024-12-30 11:27:02,734:INFO:Calculating mean and std
2024-12-30 11:27:02,735:INFO:Creating metrics dataframe
2024-12-30 11:27:02,735:INFO:Uploading results into container
2024-12-30 11:27:02,736:INFO:Uploading model into container now
2024-12-30 11:27:02,736:INFO:_master_model_container: 18
2024-12-30 11:27:02,736:INFO:_display_container: 2
2024-12-30 11:27:02,736:INFO:DummyRegressor()
2024-12-30 11:27:02,736:INFO:create_model() successfully completed......................................
2024-12-30 11:27:02,799:INFO:SubProcess create_model() end ==================================
2024-12-30 11:27:02,799:INFO:Creating metrics dataframe
2024-12-30 11:27:02,802:WARNING:/Users/sarthakchawathe/Desktop/Github/AutoML/.venv/lib/python3.10/site-packages/pycaret/internal/pycaret_experiment/supervised_experiment.py:323: FutureWarning: Styler.applymap has been deprecated. Use Styler.map instead.
  master_display_.apply(

2024-12-30 11:27:02,803:INFO:Initializing create_model()
2024-12-30 11:27:02,803:INFO:create_model(self=<pycaret.regression.oop.RegressionExperiment object at 0x308607100>, estimator=RandomForestRegressor(n_jobs=-1, random_state=6406), fold=KFold(n_splits=10, random_state=None, shuffle=False), round=4, cross_validation=False, predict=False, fit_kwargs={}, groups=None, refit=True, probability_threshold=None, experiment_custom_tags=None, verbose=False, system=False, add_to_model_list=True, metrics=None, display=None, model_only=True, return_train_score=False, error_score=0.0, kwargs={})
2024-12-30 11:27:02,803:INFO:Checking exceptions
2024-12-30 11:27:02,803:INFO:Importing libraries
2024-12-30 11:27:02,803:INFO:Copying training dataset
2024-12-30 11:27:02,804:INFO:Defining folds
2024-12-30 11:27:02,804:INFO:Declaring metric variables
2024-12-30 11:27:02,804:INFO:Importing untrained model
2024-12-30 11:27:02,804:INFO:Declaring custom model
2024-12-30 11:27:02,805:INFO:Random Forest Regressor Imported successfully
2024-12-30 11:27:02,805:INFO:Cross validation set to False
2024-12-30 11:27:02,805:INFO:Fitting Model
2024-12-30 11:27:02,874:INFO:RandomForestRegressor(n_jobs=-1, random_state=6406)
2024-12-30 11:27:02,875:INFO:create_model() successfully completed......................................
2024-12-30 11:27:02,942:INFO:_master_model_container: 18
2024-12-30 11:27:02,942:INFO:_display_container: 2
2024-12-30 11:27:02,942:INFO:RandomForestRegressor(n_jobs=-1, random_state=6406)
2024-12-30 11:27:02,942:INFO:compare_models() successfully completed......................................
2024-12-30 11:27:02,945:INFO:Initializing save_model()
2024-12-30 11:27:02,945:INFO:save_model(model=RandomForestRegressor(n_jobs=-1, random_state=6406), model_name=best_model, prep_pipe_=Pipeline(memory=FastMemory(location=/var/folders/56/1vkv91l97fx9yd3vf2dyjk980000gn/T/joblib),
         steps=[('numerical_imputer',
                 TransformerWrapper(include=['No', 'X1 transaction date',
                                             'X2 house age',
                                             'X3 distance to the nearest MRT '
                                             'station',
                                             'X4 number of convenience stores',
                                             'X5 latitude', 'X6 longitude'],
                                    transformer=SimpleImputer())),
                ('categorical_imputer',
                 TransformerWrapper(include=[],
                                    transformer=SimpleImputer(strategy='most_frequent'))),
                ('clean_column_names',
                 TransformerWrapper(transformer=CleanColumnNames()))]), verbose=True, use_case=MLUsecase.REGRESSION, kwargs={})
2024-12-30 11:27:02,945:INFO:Adding model into prep_pipe
2024-12-30 11:27:02,964:INFO:best_model.pkl saved in current working directory
2024-12-30 11:27:02,966:INFO:Pipeline(memory=Memory(location=None),
         steps=[('numerical_imputer',
                 TransformerWrapper(include=['No', 'X1 transaction date',
                                             'X2 house age',
                                             'X3 distance to the nearest MRT '
                                             'station',
                                             'X4 number of convenience stores',
                                             'X5 latitude', 'X6 longitude'],
                                    transformer=SimpleImputer())),
                ('categorical_imputer',
                 TransformerWrapper(include=[],
                                    transformer=SimpleImputer(strategy='most_frequent'))),
                ('clean_column_names',
                 TransformerWrapper(transformer=CleanColumnNames())),
                ('trained_model',
                 RandomForestRegressor(n_jobs=-1, random_state=6406))])
2024-12-30 11:27:02,966:INFO:save_model() successfully completed......................................
